<?xml version="1.0" encoding="UTF-8"?>
<testExecutions version="1">
  <file path="/Users/juanhoyos/Desktop/MyTest/src/tests/caso.test.js">
    <testCase name="Test crear casos de prueba Post" duration="2835"/>
  </file>
</testExecutions>