<?xml version="1.0" encoding="UTF-8"?>
<testExecutions version="1">
  <file path="C:\Users\Usuario\Desktop\MyTest\src\tests\permisoUsuario.test.js">
    <testCase name="Test eliminar permisos de usuario Post - Permiso Usuario exitoso" duration="193"/>
    <testCase name="Test eliminar permisos de usuario Delete - Permiso Usuario Eliminado" duration="547"/>
    <testCase name="Test eliminar permisos de usuario Delete - Intentar eliminar un caso inexistente" duration="531">
      <failure message="Error: expect(received).toEqual(expected) // deep equality"><![CDATA[Error: expect(received).toEqual(expected) // deep equality

Expected: 404
Received: 200
    at Object.toEqual (C:\Users\Usuario\Desktop\MyTest\src\tests\permisoUsuario.test.js:73:32)
    at processTicksAndRejections (node:internal/process/task_queues:95:5)]]></failure>
    </testCase>
  </file>
</testExecutions>