<?xml version="1.0" encoding="UTF-8"?>
<testExecutions version="1">
  <file path="V:\Trabajos_JS\MyTest\src\tests\index.test.js">
    <testCase name="Get Endpoints Get" duration="48"/>
  </file>
  <file path="V:\Trabajos_JS\MyTest\src\tests\user.test.js">
    <testCase name="Pruebas de registro de usuario Post" duration="3771"/>
    <testCase name="Pruebas de registro de usuario Post" duration="169"/>
    <testCase name="Pruebas de registro de usuario Post" duration="167"/>
  </file>
</testExecutions>