<?xml version="1.0" encoding="UTF-8"?>
<testExecutions version="1">
  <file path="C:\Users\Usuario\Desktop\MyTest\src\tests\user.test.js">
    <testCase name="Pruebas de registro de usuario Post" duration="2833"/>
    <testCase name="Pruebas de registro de usuario Post" duration="185"/>
    <testCase name="Pruebas de registro de usuario Post" duration="178"/>
  </file>
</testExecutions>