<?xml version="1.0" encoding="UTF-8"?>
<testExecutions version="1">
  <file path="V:\Trabajos_JS\MyTest\src\tests\project.test.js">
    <testCase name="Test crear proyecto Post - Caso exitoso" duration="2860"/>
    <testCase name="Project obtener proyectos GET - Caso exitoso" duration="559"/>
    <testCase name="Test actualizar proyecto PUT - Caso exitoso" duration="566"/>
    <testCase name="Test actualizar proyecto PUT - Intentar actualizar un proyecto inexistente" duration="373"/>
    <testCase name="Test eliminar proyecto Delete - Caso exitoso" duration="559"/>
    <testCase name="Test eliminar proyecto Delete - Intentar eliminar un proyecto inexistente" duration="372"/>
  </file>
</testExecutions>