<?xml version="1.0" encoding="UTF-8"?>
<testExecutions version="1">
  <file path="C:\Users\Usuario\Desktop\MyTest\src\tests\permiso.test.js">
    <testCase name="Test crear permisos Post - Permiso exitoso" duration="1520"/>
    <testCase name="Test crear permisos Post - Permiso fallido" duration="8"/>
  </file>
  <file path="C:\Users\Usuario\Desktop\MyTest\src\tests\user.test.js">
    <testCase name="Pruebas de registro de usuario Post" duration="1874"/>
    <testCase name="Pruebas de registro de usuario Post" duration="122"/>
    <testCase name="Pruebas de registro de usuario Post" duration="116"/>
  </file>
  <file path="C:\Users\Usuario\Desktop\MyTest\src\tests\permisoUsuario.test.js">
    <testCase name="Test crear permisos de usuario Post - Permiso Usuario exitoso" duration="170"/>
    <testCase name="Test eliminar permisos de usuario Post - Permiso Usuario exitoso" duration="114"/>
    <testCase name="Test eliminar permisos de usuario Delete - Permiso Usuario Eliminado" duration="368"/>
  </file>
  <file path="C:\Users\Usuario\Desktop\MyTest\src\tests\seguimiento.test.js">
    <testCase name="Test crear seguimientos de errores Post - Seguimiento exitoso" duration="1726"/>
    <testCase name="Test eliminar seguimiento Post - Seguimiento exitoso" duration="322"/>
    <testCase name="Test eliminar seguimiento Delete - seguimiento exitoso" duration="235"/>
    <testCase name="Test eliminar seguimiento Delete - Intentar eliminar un seguimiento inexistente" duration="129"/>
    <testCase name="Test actualizar seguimientos Post - Seguimiento exitoso" duration="326"/>
    <testCase name="Test actualizar seguimientos PUT - Seguimiento exitoso" duration="221"/>
    <testCase name="Test actualizar seguimientos PUT - Intentar actualizar un caso inexistente" duration="109"/>
  </file>
  <file path="C:\Users\Usuario\Desktop\MyTest\src\tests\project.test.js">
    <testCase name="Test crear proyecto Post - Caso exitoso" duration="1729"/>
    <testCase name="Project obtener proyectos GET - Caso exitoso" duration="397"/>
    <testCase name="Test actualizar proyecto PUT - Caso exitoso" duration="438"/>
    <testCase name="Test actualizar proyecto PUT - Intentar actualizar un proyecto inexistente" duration="324"/>
    <testCase name="Test eliminar proyecto Delete - Caso exitoso" duration="401"/>
    <testCase name="Test eliminar proyecto Delete - Intentar eliminar un proyecto inexistente" duration="283"/>
  </file>
  <file path="C:\Users\Usuario\Desktop\MyTest\src\tests\testResult.test.js">
    <testCase name="Test crear resultado de prueba Post - Caso exitoso" duration="1709"/>
    <testCase name="Project resultado de prueba GET - Caso exitoso" duration="303"/>
    <testCase name="Test actualizar resultado de prueba PUT - Caso exitoso" duration="539"/>
    <testCase name="Test actualizar resultado de prueba PUT - Intentar actualizar un resultado de prueba inexistente" duration="318"/>
    <testCase name="Test eliminar resultado de prueba Delete - Caso exitoso" duration="389"/>
    <testCase name="Test eliminar resultado de prueba Delete - Intentar eliminar un resultado de prueba inexistente" duration="292"/>
  </file>
  <file path="C:\Users\Usuario\Desktop\MyTest\src\tests\caso.test.js">
    <testCase name="Test crear casos de prueba Post - Caso exitoso" duration="1825"/>
    <testCase name="Test eliminar casos de prueba Delete - Caso exitoso" duration="452"/>
    <testCase name="Test eliminar casos de prueba Delete - Intentar eliminar un caso inexistente" duration="341"/>
    <testCase name="Test actualizar casos de prueba PUT - Caso exitoso" duration="409"/>
    <testCase name="Test actualizar casos de prueba PUT - Intentar actualizar un caso inexistente" duration="311"/>
    <testCase name="Test obtener casos de prueba GET - Caso exitoso" duration="322"/>
    <testCase name="Test obtener casos de prueba GET - Intentar obtener casos de un proyecto que no existe" duration="317"/>
    <testCase name="Test obtener casos de prueba GET - Entrada incorrecta" duration="475"/>
  </file>
  <file path="C:\Users\Usuario\Desktop\MyTest\src\tests\index.test.js">
    <testCase name="Get Endpoints Get" duration="50"/>
  </file>
  <file path="C:\Users\Usuario\Desktop\MyTest\src\tests\image.test.js">
    <testCase name="Subir/Actualizar imagen PUT - Caso exitoso" duration="2529"/>
    <testCase name="Subir/Actualizar imagen PUT - Intentar actualizar una coleccion inexistente" duration="18"/>
    <testCase name="Subir/Actualizar imagen PUT - Intentar actualizar una usuario/testResult inexistente" duration="11"/>
    <testCase name="Subir/Actualizar imagen PUT - Intentar actualizar una usuario/testResult sin mandar la imagen" duration="12"/>
  </file>
  <file path="C:\Users\Usuario\Desktop\MyTest\src\tests\manage.test.js">
    <testCase name="Test crear relacion usuario y proyecto(gestiona) Post - Caso exitoso" duration="1872"/>
    <testCase name="Manage obtener relacion usuario y proyecto(gestiona) GET - Caso exitoso" duration="275"/>
    <testCase name="Test eliminar relacion usuario y proyecto(gestiona) Delete - Caso exitoso" duration="451"/>
    <testCase name="Test eliminar relacion usuario y proyecto(gestiona) Delete - Intentar eliminar una relacion usuario/proyecto inexistente" duration="9"/>
  </file>
  <file path="C:\Users\Usuario\Desktop\MyTest\src\tests\auth.test.js">
    <testCase name="Pruebas de inicio de sesión Post" duration="1507"/>
    <testCase name="Pruebas de inicio de sesión Post" duration="124"/>
    <testCase name="Pruebas de inicio de sesión Post" duration="251"/>
    <testCase name="Pruebas de inicio de sesión Post" duration="11"/>
    <testCase name="Pruebas de inicio de sesión Debería fallar el inicio de sesión si se proporciona un SQL Injection en el correo" duration="7"/>
  </file>
  <file path="C:\Users\Usuario\Desktop\MyTest\src\tests\report.test.js">
    <testCase name="Test crear infrome Post - Caso exitoso" duration="1779"/>
    <testCase name="Manage obtener informes GET - Caso exitoso" duration="330"/>
    <testCase name="Test actualizar informe PUT - Caso exitoso" duration="493"/>
    <testCase name="Test actualizar informe PUT - Intentar actualizar un informe inexistente" duration="294"/>
    <testCase name="Test eliminar informe Delete - Caso exitoso" duration="399"/>
    <testCase name="Test eliminar informe Delete - Intentar eliminar un proyecto inexistente" duration="303"/>
  </file>
</testExecutions>