<?xml version="1.0" encoding="UTF-8"?>
<testExecutions version="1">
  <file path="C:\Users\Usuario\Desktop\MyTest\src\tests\caso.test.js">
  </file>
</testExecutions>