<?xml version="1.0" encoding="UTF-8"?>
<testExecutions version="1">
  <file path="V:\Trabajos_JS\MyTest\src\tests\testResult.test.js">
    <testCase name="Test crear resultado de prueba Post - Caso exitoso" duration="2868"/>
    <testCase name="Project resultado de prueba GET - Caso exitoso" duration="380"/>
    <testCase name="Test actualizar resultado de prueba PUT - Caso exitoso" duration="743"/>
    <testCase name="Test actualizar resultado de prueba PUT - Intentar actualizar un resultado de prueba inexistente" duration="373"/>
    <testCase name="Test eliminar resultado de prueba Delete - Caso exitoso" duration="557"/>
    <testCase name="Test eliminar resultado de prueba Delete - Intentar eliminar un resultado de prueba inexistente" duration="372"/>
  </file>
</testExecutions>